<?xml version="1.0" encoding="UTF-8"?>
<testng-results ignored="0" total="1" passed="1" failed="0" skipped="0">
  <reporter-output>
    <line>
      <![CDATA[Chrome launched]]>
    </line>
    <line>
      <![CDATA[username Entered]]>
    </line>
    <line>
      <![CDATA[password Entered]]>
    </line>
    <line>
      <![CDATA[button clicked]]>
    </line>
    <line>
      <![CDATA[The page Title is matching]]>
    </line>
  </reporter-output>
  <suite started-at="2024-06-20T11:38:03 IST" name="InetBankingV1" finished-at="2024-06-20T11:38:13 IST" duration-ms="9914">
    <groups>
    </groups>
    <test started-at="2024-06-20T11:38:03 IST" name="BankingApp Test" finished-at="2024-06-20T11:38:13 IST" duration-ms="9914">
      <class name="com.inetbanking.testCases.TC_LoginTest_001">
        <test-method is-config="true" signature="setup(java.lang.String)[pri:0, instance:com.inetbanking.testCases.TC_LoginTest_001@36916eb0]" started-at="2024-06-20T11:38:03 IST" name="setup" finished-at="2024-06-20T11:38:08 IST" duration-ms="5336" status="PASS">
          <params>
            <param index="0">
              <value>
                <![CDATA[chrome]]>
              </value>
            </param>
          </params>
          <reporter-output>
            <line>
              <![CDATA[Chrome launched]]>
            </line>
          </reporter-output>
        </test-method> <!-- setup -->
        <test-method signature="loginTest()[pri:0, instance:com.inetbanking.testCases.TC_LoginTest_001@36916eb0]" started-at="2024-06-20T11:38:08 IST" name="loginTest" finished-at="2024-06-20T11:38:13 IST" duration-ms="4336" status="PASS">
          <reporter-output>
            <line>
              <![CDATA[username Entered]]>
            </line>
            <line>
              <![CDATA[password Entered]]>
            </line>
            <line>
              <![CDATA[button clicked]]>
            </line>
            <line>
              <![CDATA[The page Title is matching]]>
            </line>
          </reporter-output>
        </test-method> <!-- loginTest -->
        <test-method is-config="true" signature="tearDown()[pri:0, instance:com.inetbanking.testCases.TC_LoginTest_001@36916eb0]" started-at="2024-06-20T11:38:13 IST" name="tearDown" finished-at="2024-06-20T11:38:13 IST" duration-ms="217" status="PASS">
          <reporter-output>
          </reporter-output>
        </test-method> <!-- tearDown -->
      </class> <!-- com.inetbanking.testCases.TC_LoginTest_001 -->
    </test> <!-- BankingApp Test -->
  </suite> <!-- InetBankingV1 -->
</testng-results>
